heap profile: 0: 0 [21: 5168] @ heap/1048576
0: 0 [1: 192] @ 0x46d909 0x46d756 0x46d989 0x463c4a 0x464468 0x457751
0: 0 [9: 288] @ 0x40c0c2 0x46d855 0x46d756 0x46d989 0x463c4a 0x464468 0x457751
0: 0 [6: 4608] @ 0x46d909 0x46d756 0x46d989 0x463c4a 0x464468 0x457751
0: 0 [5: 80] @ 0x4bda45 0x4bc7ac 0x4b1176 0x4ae1f5 0x4b383d 0x4aa776 0x4aa882 0x46d89e 0x46d756 0x46d989 0x463c4a 0x464468 0x457751

# runtime.MemStats
# Alloc = 114976
# TotalAlloc = 16461680
# Sys = 7903480
# Lookups = 4
# Mallocs = 643181
# Frees = 642902
# HeapAlloc = 114976
# HeapSys = 4947968
# HeapIdle = 4571136
# HeapInuse = 376832
# HeapReleased = 0
# HeapObjects = 279
# Stack = 294912 / 294912
# MSpan = 7040 / 98304
# MCache = 2400 / 16384
# BuckHashSys = 1442934
# NextGC = 4194304
# PauseNs = [291502 188622 219518 603264 531976 560376 412297 10527306 254831 0 0 0 0 0 0 0 0 0 0 0 0 0 0 0 0 0 0 0 0 0 0 0 0 0 0 0 0 0 0 0 0 0 0 0 0 0 0 0 0 0 0 0 0 0 0 0 0 0 0 0 0 0 0 0 0 0 0 0 0 0 0 0 0 0 0 0 0 0 0 0 0 0 0 0 0 0 0 0 0 0 0 0 0 0 0 0 0 0 0 0 0 0 0 0 0 0 0 0 0 0 0 0 0 0 0 0 0 0 0 0 0 0 0 0 0 0 0 0 0 0 0 0 0 0 0 0 0 0 0 0 0 0 0 0 0 0 0 0 0 0 0 0 0 0 0 0 0 0 0 0 0 0 0 0 0 0 0 0 0 0 0 0 0 0 0 0 0 0 0 0 0 0 0 0 0 0 0 0 0 0 0 0 0 0 0 0 0 0 0 0 0 0 0 0 0 0 0 0 0 0 0 0 0 0 0 0 0 0 0 0 0 0 0 0 0 0 0 0 0 0 0 0 0 0 0 0 0 0 0 0 0 0 0 0 0 0 0 0 0 0 0 0 0 0 0 0]
# NumGC = 9
# DebugGC = false
